
*** Running vivado
    with args -log Data_Path.vds -m64 -product Vivado -mode batch -messageDb vivado.pb -notrace -source Data_Path.tcl


****** Vivado v2023.1 (64-bit)
  **** SW Build 3865809 on Sun May  7 15:04:56 MDT 2023
  **** IP Build 3864474 on Sun May  7 20:36:21 MDT 2023
  **** SharedData Build 3865790 on Sun May 07 13:33:03 MDT 2023
    ** Copyright 1986-2022 Xilinx, Inc. All Rights Reserved.
    ** Copyright 2022-2023 Advanced Micro Devices, Inc. All Rights Reserved.

source Data_Path.tcl -notrace
Command: read_checkpoint -auto_incremental -incremental /home/ruba/risc/risc.srcs/utils_1/imports/synth_1/ALU.dcp
INFO: [Vivado 12-5825] Read reference checkpoint from /home/ruba/risc/risc.srcs/utils_1/imports/synth_1/ALU.dcp for incremental synthesis
INFO: [Vivado 12-7989] Please ensure there are no constraint changes
Command: synth_design -top Data_Path -part xc7a35tcpg236-1
Starting synth_design
Attempting to get a license for feature 'Synthesis' and/or device 'xc7a35t'
INFO: [Common 17-349] Got license for feature 'Synthesis' and/or device 'xc7a35t'
INFO: [Designutils 20-5440] No compile time benefit to using incremental synthesis; A full resynthesis will be run
INFO: [Designutils 20-4379] Flow is switching to default flow due to incremental criteria not met. If you would like to alter this behaviour and have the flow terminate instead, please set the following parameter config_implementation {autoIncr.Synth.RejectBehavior Terminate}
INFO: [Synth 8-7079] Multithreading enabled for synth_design using a maximum of 4 processes.
INFO: [Synth 8-7078] Launching helper process for spawning children vivado processes
INFO: [Synth 8-7075] Helper process launched with PID 8289
---------------------------------------------------------------------------------
Starting Synthesize : Time (s): cpu = 00:00:03 ; elapsed = 00:00:03 . Memory (MB): peak = 1697.891 ; gain = 350.832 ; free physical = 8539 ; free virtual = 26968
---------------------------------------------------------------------------------
WARNING: [Synth 8-2551] possible infinite loop; process does not have a wait statement [/home/ruba/risc/risc.srcs/sources_1/new/Memory_Instruction.vhd:52]
INFO: [Synth 8-638] synthesizing module 'Data_Path' [/home/ruba/risc/risc.srcs/sources_1/new/Data_Path.vhd:38]
INFO: [Synth 8-638] synthesizing module 'IP_compteur' [/home/ruba/risc/risc.srcs/sources_1/new/IP_compteur.vhd:45]
INFO: [Synth 8-256] done synthesizing module 'IP_compteur' (0#1) [/home/ruba/risc/risc.srcs/sources_1/new/IP_compteur.vhd:45]
INFO: [Synth 8-638] synthesizing module 'Memory_Instruction' [/home/ruba/risc/risc.srcs/sources_1/new/Memory_Instruction.vhd:42]
INFO: [Synth 8-256] done synthesizing module 'Memory_Instruction' (0#1) [/home/ruba/risc/risc.srcs/sources_1/new/Memory_Instruction.vhd:42]
INFO: [Synth 8-638] synthesizing module 'LI_DI' [/home/ruba/risc/risc.srcs/sources_1/new/LI_DI.vhd:46]
WARNING: [Synth 8-6774] Null subtype or type declaration found [/home/ruba/risc/risc.srcs/sources_1/new/LI_DI.vhd:47]
WARNING: [Synth 8-3919] null assignment ignored
WARNING: [Synth 8-6774] Null subtype or type declaration found [/home/ruba/risc/risc.srcs/sources_1/new/LI_DI.vhd:48]
WARNING: [Synth 8-3919] null assignment ignored
WARNING: [Synth 8-6774] Null subtype or type declaration found [/home/ruba/risc/risc.srcs/sources_1/new/LI_DI.vhd:49]
WARNING: [Synth 8-3919] null assignment ignored
WARNING: [Synth 8-6774] Null subtype or type declaration found [/home/ruba/risc/risc.srcs/sources_1/new/LI_DI.vhd:50]
WARNING: [Synth 8-3919] null assignment ignored
WARNING: [Synth 8-3919] null assignment ignored [/home/ruba/risc/risc.srcs/sources_1/new/LI_DI.vhd:61]
WARNING: [Synth 8-3919] null assignment ignored [/home/ruba/risc/risc.srcs/sources_1/new/LI_DI.vhd:62]
WARNING: [Synth 8-3919] null assignment ignored [/home/ruba/risc/risc.srcs/sources_1/new/LI_DI.vhd:63]
WARNING: [Synth 8-3919] null assignment ignored [/home/ruba/risc/risc.srcs/sources_1/new/LI_DI.vhd:64]
INFO: [Synth 8-256] done synthesizing module 'LI_DI' (0#1) [/home/ruba/risc/risc.srcs/sources_1/new/LI_DI.vhd:46]
ERROR: [Synth 8-549] port width mismatch for port 'A': port width = 4, actual width = 8 [/home/ruba/risc/risc.srcs/sources_1/new/Data_Path.vhd:66]
ERROR: [Synth 8-549] port width mismatch for port 'OP': port width = 3, actual width = 4 [/home/ruba/risc/risc.srcs/sources_1/new/Data_Path.vhd:67]
ERROR: [Synth 8-549] port width mismatch for port 'B': port width = 4, actual width = 8 [/home/ruba/risc/risc.srcs/sources_1/new/Data_Path.vhd:68]
ERROR: [Synth 8-549] port width mismatch for port 'C': port width = 4, actual width = 8 [/home/ruba/risc/risc.srcs/sources_1/new/Data_Path.vhd:69]
ERROR: [Synth 8-549] port width mismatch for port 'QA': port width = 4, actual width = 8 [/home/ruba/risc/risc.srcs/sources_1/new/Data_Path.vhd:70]
ERROR: [Synth 8-549] port width mismatch for port 'QOP': port width = 3, actual width = 8 [/home/ruba/risc/risc.srcs/sources_1/new/Data_Path.vhd:71]
ERROR: [Synth 8-549] port width mismatch for port 'QB': port width = 4, actual width = 8 [/home/ruba/risc/risc.srcs/sources_1/new/Data_Path.vhd:72]
ERROR: [Synth 8-549] port width mismatch for port 'QC': port width = 4, actual width = 8 [/home/ruba/risc/risc.srcs/sources_1/new/Data_Path.vhd:73]
ERROR: [Synth 8-285] failed synthesizing module 'Data_Path' [/home/ruba/risc/risc.srcs/sources_1/new/Data_Path.vhd:38]
---------------------------------------------------------------------------------
Finished Synthesize : Time (s): cpu = 00:00:04 ; elapsed = 00:00:04 . Memory (MB): peak = 1762.859 ; gain = 415.801 ; free physical = 8452 ; free virtual = 26883
---------------------------------------------------------------------------------
synthesize failed
INFO: [Common 17-83] Releasing license: Synthesis
16 Infos, 13 Warnings, 0 Critical Warnings and 10 Errors encountered.
synth_design failed
ERROR: [Common 17-69] Command failed: Vivado Synthesis failed
INFO: [Common 17-206] Exiting Vivado at Sat Dec  7 10:59:50 2024...
