
*** Running vivado
    with args -log Data_Path.vdi -applog -m64 -product Vivado -messageDb vivado.pb -mode batch -source Data_Path.tcl -notrace


****** Vivado v2023.1 (64-bit)
  **** SW Build 3865809 on Sun May  7 15:04:56 MDT 2023
  **** IP Build 3864474 on Sun May  7 20:36:21 MDT 2023
  **** SharedData Build 3865790 on Sun May 07 13:33:03 MDT 2023
    ** Copyright 1986-2022 Xilinx, Inc. All Rights Reserved.
    ** Copyright 2022-2023 Advanced Micro Devices, Inc. All Rights Reserved.

source Data_Path.tcl -notrace
create_project: Time (s): cpu = 00:00:05 ; elapsed = 00:00:05 . Memory (MB): peak = 1340.117 ; gain = 0.027 ; free physical = 8065 ; free virtual = 26977
Command: link_design -top Data_Path -part xc7a35tcpg236-1
Design is defaulting to srcset: sources_1
Design is defaulting to constrset: constrs_1
INFO: [Device 21-403] Loading part xc7a35tcpg236-1
Netlist sorting complete. Time (s): cpu = 00:00:00 ; elapsed = 00:00:00 . Memory (MB): peak = 1628.250 ; gain = 0.000 ; free physical = 7838 ; free virtual = 26737
INFO: [Project 1-479] Netlist was created with Vivado 2023.1
INFO: [Project 1-570] Preparing netlist for logic optimization
Netlist sorting complete. Time (s): cpu = 00:00:00 ; elapsed = 00:00:00 . Memory (MB): peak = 1698.938 ; gain = 0.000 ; free physical = 7748 ; free virtual = 26646
INFO: [Project 1-111] Unisim Transformation Summary:
No Unisim elements were transformed.

4 Infos, 0 Warnings, 0 Critical Warnings and 0 Errors encountered.
link_design completed successfully
Command: opt_design
Attempting to get a license for feature 'Implementation' and/or device 'xc7a35t'
INFO: [Common 17-349] Got license for feature 'Implementation' and/or device 'xc7a35t'
Running DRC as a precondition to command opt_design

Starting DRC Task
INFO: [DRC 23-27] Running DRC with 8 threads
INFO: [Project 1-461] DRC finished with 0 Errors
INFO: [Project 1-462] Please refer to the DRC report (report_drc) for more information.

Time (s): cpu = 00:00:00.33 ; elapsed = 00:00:00.36 . Memory (MB): peak = 1794.719 ; gain = 95.781 ; free physical = 7742 ; free virtual = 26641

Starting Cache Timing Information Task
INFO: [Timing 38-35] Done setting XDC timing constraints.
Ending Cache Timing Information Task | Checksum: 259386df

Time (s): cpu = 00:00:05 ; elapsed = 00:00:05 . Memory (MB): peak = 2214.695 ; gain = 419.977 ; free physical = 7316 ; free virtual = 26239

Starting Logic Optimization Task

Phase 1 Retarget
INFO: [Opt 31-138] Pushed 0 inverter(s) to 0 load pin(s).
INFO: [Opt 31-49] Retargeted 0 cell(s).
Phase 1 Retarget | Checksum: 259386df

Time (s): cpu = 00:00:00.02 ; elapsed = 00:00:00.03 . Memory (MB): peak = 2497.586 ; gain = 0.000 ; free physical = 7043 ; free virtual = 25965
INFO: [Opt 31-389] Phase Retarget created 0 cells and removed 0 cells

Phase 2 Constant propagation
INFO: [Opt 31-138] Pushed 0 inverter(s) to 0 load pin(s).
Phase 2 Constant propagation | Checksum: 259386df

Time (s): cpu = 00:00:00.02 ; elapsed = 00:00:00.03 . Memory (MB): peak = 2497.586 ; gain = 0.000 ; free physical = 7043 ; free virtual = 25965
INFO: [Opt 31-389] Phase Constant propagation created 0 cells and removed 0 cells

Phase 3 Sweep
Phase 3 Sweep | Checksum: 259386df

Time (s): cpu = 00:00:00.02 ; elapsed = 00:00:00.03 . Memory (MB): peak = 2497.586 ; gain = 0.000 ; free physical = 7043 ; free virtual = 25965
INFO: [Opt 31-389] Phase Sweep created 0 cells and removed 0 cells

Phase 4 BUFG optimization
Phase 4 BUFG optimization | Checksum: 259386df

Time (s): cpu = 00:00:00.03 ; elapsed = 00:00:00.03 . Memory (MB): peak = 2529.602 ; gain = 32.016 ; free physical = 7043 ; free virtual = 25965
INFO: [Opt 31-662] Phase BUFG optimization created 0 cells of which 0 are BUFGs and removed 0 cells.

Phase 5 Shift Register Optimization
INFO: [Opt 31-1064] SRL Remap converted 0 SRLs to 0 registers and converted 0 registers of register chains to 0 SRLs
Phase 5 Shift Register Optimization | Checksum: 259386df

Time (s): cpu = 00:00:00.03 ; elapsed = 00:00:00.04 . Memory (MB): peak = 2529.602 ; gain = 32.016 ; free physical = 7043 ; free virtual = 25965
INFO: [Opt 31-389] Phase Shift Register Optimization created 0 cells and removed 0 cells

Phase 6 Post Processing Netlist
Phase 6 Post Processing Netlist | Checksum: 259386df

Time (s): cpu = 00:00:00.03 ; elapsed = 00:00:00.04 . Memory (MB): peak = 2529.602 ; gain = 32.016 ; free physical = 7043 ; free virtual = 25965
INFO: [Opt 31-389] Phase Post Processing Netlist created 0 cells and removed 0 cells
Opt_design Change Summary
=========================


-------------------------------------------------------------------------------------------------------------------------
|  Phase                        |  #Cells created  |  #Cells Removed  |  #Constrained objects preventing optimizations  |
-------------------------------------------------------------------------------------------------------------------------
|  Retarget                     |               0  |               0  |                                              0  |
|  Constant propagation         |               0  |               0  |                                              0  |
|  Sweep                        |               0  |               0  |                                              0  |
|  BUFG optimization            |               0  |               0  |                                              0  |
|  Shift Register Optimization  |               0  |               0  |                                              0  |
|  Post Processing Netlist      |               0  |               0  |                                              0  |
-------------------------------------------------------------------------------------------------------------------------



Starting Connectivity Check Task

Time (s): cpu = 00:00:00 ; elapsed = 00:00:00 . Memory (MB): peak = 2529.602 ; gain = 0.000 ; free physical = 7043 ; free virtual = 25965
Ending Logic Optimization Task | Checksum: 259386df

Time (s): cpu = 00:00:00.03 ; elapsed = 00:00:00.04 . Memory (MB): peak = 2529.602 ; gain = 32.016 ; free physical = 7043 ; free virtual = 25965

Starting Power Optimization Task
INFO: [Pwropt 34-132] Skipping clock gating for clocks with a period < 2.00 ns.
Ending Power Optimization Task | Checksum: 259386df

Time (s): cpu = 00:00:00 ; elapsed = 00:00:00 . Memory (MB): peak = 2529.602 ; gain = 0.000 ; free physical = 7043 ; free virtual = 25966

Starting Final Cleanup Task
Ending Final Cleanup Task | Checksum: 259386df

Time (s): cpu = 00:00:00 ; elapsed = 00:00:00 . Memory (MB): peak = 2529.602 ; gain = 0.000 ; free physical = 7043 ; free virtual = 25966

Starting Netlist Obfuscation Task
Netlist sorting complete. Time (s): cpu = 00:00:00 ; elapsed = 00:00:00 . Memory (MB): peak = 2529.602 ; gain = 0.000 ; free physical = 7043 ; free virtual = 25966
Ending Netlist Obfuscation Task | Checksum: 259386df

Time (s): cpu = 00:00:00 ; elapsed = 00:00:00 . Memory (MB): peak = 2529.602 ; gain = 0.000 ; free physical = 7043 ; free virtual = 25966
INFO: [Common 17-83] Releasing license: Implementation
21 Infos, 0 Warnings, 0 Critical Warnings and 0 Errors encountered.
opt_design completed successfully
opt_design: Time (s): cpu = 00:00:06 ; elapsed = 00:00:07 . Memory (MB): peak = 2529.602 ; gain = 830.664 ; free physical = 7043 ; free virtual = 25966
INFO: [runtcl-4] Executing : report_drc -file Data_Path_drc_opted.rpt -pb Data_Path_drc_opted.pb -rpx Data_Path_drc_opted.rpx
Command: report_drc -file Data_Path_drc_opted.rpt -pb Data_Path_drc_opted.pb -rpx Data_Path_drc_opted.rpx
INFO: [IP_Flow 19-234] Refreshing IP repositories
INFO: [IP_Flow 19-1704] No user IP repositories specified
INFO: [IP_Flow 19-2313] Loaded Vivado IP repository '/tools/Xilinx/Vivado/2023.1/data/ip'.
INFO: [DRC 23-27] Running DRC with 8 threads
INFO: [Vivado_Tcl 2-168] The results of DRC are in file /home/ruba/risc/risc.runs/impl_1/Data_Path_drc_opted.rpt.
report_drc completed successfully
INFO: [Common 17-1381] The checkpoint '/home/ruba/risc/risc.runs/impl_1/Data_Path_opt.dcp' has been generated.
Command: place_design
Attempting to get a license for feature 'Implementation' and/or device 'xc7a35t'
INFO: [Common 17-349] Got license for feature 'Implementation' and/or device 'xc7a35t'
INFO: [DRC 23-27] Running DRC with 8 threads
INFO: [Vivado_Tcl 4-198] DRC finished with 0 Errors
INFO: [Vivado_Tcl 4-199] Please refer to the DRC report (report_drc) for more information.
Running DRC as a precondition to command place_design
INFO: [DRC 23-27] Running DRC with 8 threads
INFO: [Vivado_Tcl 4-198] DRC finished with 0 Errors
INFO: [Vivado_Tcl 4-199] Please refer to the DRC report (report_drc) for more information.

Starting Placer Task
INFO: [Place 30-611] Multithreading enabled for place_design using a maximum of 8 CPUs

Phase 1 Placer Initialization

Phase 1.1 Placer Initialization Netlist Sorting
Netlist sorting complete. Time (s): cpu = 00:00:00 ; elapsed = 00:00:00 . Memory (MB): peak = 2643.492 ; gain = 0.000 ; free physical = 7034 ; free virtual = 25955
Phase 1.1 Placer Initialization Netlist Sorting | Checksum: 00000000

Time (s): cpu = 00:00:00 ; elapsed = 00:00:00.01 . Memory (MB): peak = 2643.492 ; gain = 0.000 ; free physical = 7034 ; free virtual = 25955
Phase 1 Placer Initialization | Checksum: 00000000

Time (s): cpu = 00:00:00 ; elapsed = 00:00:00.01 . Memory (MB): peak = 2643.492 ; gain = 0.000 ; free physical = 7032 ; free virtual = 25955
ERROR: [Place 30-494] The design is empty
Resolution: Check if opt_design has removed all the leaf cells of your design.  Check whether you have instantiated and connected all of the top level ports.
Ending Placer Task | Checksum: 00000000

Time (s): cpu = 00:00:00 ; elapsed = 00:00:00.02 . Memory (MB): peak = 2643.492 ; gain = 0.000 ; free physical = 7032 ; free virtual = 25955
INFO: [Common 17-83] Releasing license: Implementation
37 Infos, 0 Warnings, 0 Critical Warnings and 2 Errors encountered.
place_design failed
ERROR: [Common 17-69] Command failed: Placer could not place all instances
INFO: [Common 17-206] Exiting Vivado at Sat Dec  7 15:03:50 2024...
